<?xml version="1.0" encoding="UTF-8"?>
<!-- Generated by org.testng.reporters.JUnitReportReporter -->
<testsuite skipped="1" hostname="Dwipesh" name="com.d11.project.msd.masterTest.DemoTest" tests="2" failures="0" timestamp="23 Mar 2020 06:26:52 GMT" time="16.921" errors="0">
  <testcase name="test" time="16.921" classname="com.d11.project.msd.masterTest.DemoTest"/>
  <testcase name="test2" classname="com.d11.project.msd.masterTest.DemoTest">
    <skipped/>
  </testcase> <!-- test2 -->
</testsuite> <!-- com.d11.project.msd.masterTest.DemoTest -->
